{"/Users/chadm/Desktop/code/locationCordon/location-cordon/index.js": {"path":"/Users/chadm/Desktop/code/locationCordon/location-cordon/index.js","statementMap":{"0":{"start":{"line":2,"column":0},"end":{"line":27,"column":2}},"1":{"start":{"line":6,"column":8},"end":{"line":10,"column":9}},"2":{"start":{"line":7,"column":12},"end":{"line":7,"column":80}},"3":{"start":{"line":9,"column":12},"end":{"line":9,"column":68}},"4":{"start":{"line":12,"column":33},"end":{"line":12,"column":61}},"5":{"start":{"line":13,"column":20},"end":{"line":13,"column":58}},"6":{"start":{"line":14,"column":30},"end":{"line":14,"column":51}},"7":{"start":{"line":15,"column":33},"end":{"line":15,"column":56}},"8":{"start":{"line":16,"column":35},"end":{"line":16,"column":51}},"9":{"start":{"line":17,"column":29},"end":{"line":17,"column":119}},"10":{"start":{"line":17,"column":59},"end":{"line":17,"column":117}},"11":{"start":{"line":18,"column":40},"end":{"line":18,"column":61}},"12":{"start":{"line":20,"column":8},"end":{"line":24,"column":9}},"13":{"start":{"line":21,"column":12},"end":{"line":21,"column":42}},"14":{"start":{"line":23,"column":12},"end":{"line":23,"column":44}}},"fnMap":{"0":{"name":"(anonymous_0)","decl":{"start":{"line":2,"column":37},"end":{"line":2,"column":38}},"loc":{"start":{"line":2,"column":76},"end":{"line":27,"column":1}},"line":2},"1":{"name":"(anonymous_1)","decl":{"start":{"line":17,"column":51},"end":{"line":17,"column":52}},"loc":{"start":{"line":17,"column":59},"end":{"line":17,"column":117}},"line":17}},"branchMap":{"0":{"loc":{"start":{"line":6,"column":8},"end":{"line":10,"column":9}},"type":"if","locations":[{"start":{"line":6,"column":8},"end":{"line":10,"column":9}},{"start":{"line":6,"column":8},"end":{"line":10,"column":9}}],"line":6},"1":{"loc":{"start":{"line":7,"column":54},"end":{"line":7,"column":79}},"type":"binary-expr","locations":[{"start":{"line":7,"column":54},"end":{"line":7,"column":66}},{"start":{"line":7,"column":70},"end":{"line":7,"column":79}}],"line":7},"2":{"loc":{"start":{"line":17,"column":59},"end":{"line":17,"column":117}},"type":"cond-expr","locations":[{"start":{"line":17,"column":108},"end":{"line":17,"column":110}},{"start":{"line":17,"column":113},"end":{"line":17,"column":117}}],"line":17},"3":{"loc":{"start":{"line":20,"column":8},"end":{"line":24,"column":9}},"type":"if","locations":[{"start":{"line":20,"column":8},"end":{"line":24,"column":9}},{"start":{"line":20,"column":8},"end":{"line":24,"column":9}}],"line":20}},"s":{"0":1,"1":4,"2":2,"3":2,"4":4,"5":4,"6":4,"7":4,"8":4,"9":4,"10":120,"11":4,"12":4,"13":2,"14":2},"f":{"0":4,"1":120},"b":{"0":[2,2],"1":[2,0],"2":[0,120],"3":[2,2]},"_coverageSchema":"1a1c01bbd47fc00a2c39e90264f33305004495a9","hash":"db7818b98e0c3d32b8f73ce257a79c6cd9da46f4"}
}
